C:\USERS\CHRIS\DESKTOP\GMWWISE\GMWWISE\OUT\PROFILE\AKFILEPACKAGELUT.OBJ
C:\USERS\CHRIS\DESKTOP\GMWWISE\GMWWISE\OUT\PROFILE\AKFILEPACKAGE.OBJ
C:\USERS\CHRIS\DESKTOP\GMWWISE\GMWWISE\OUT\PROFILE\AKFILELOCATIONBASE.OBJ
C:\USERS\CHRIS\DESKTOP\GMWWISE\GMWWISE\OUT\PROFILE\AKDEFAULTLOWLEVELIODISPATCHER.OBJ
C:\USERS\CHRIS\DESKTOP\GMWWISE\GMWWISE\OUT\PROFILE\AKDEFAULTIOHOOKBLOCKING.OBJ
C:\USERS\CHRIS\DESKTOP\GMWWISE\GMWWISE\OUT\PROFILE\GMWSTRINGUTIL.OBJ
C:\USERS\CHRIS\DESKTOP\GMWWISE\GMWWISE\OUT\PROFILE\GMWLISTENER.OBJ
C:\USERS\CHRIS\DESKTOP\GMWWISE\GMWWISE\OUT\PROFILE\GMWENGINE.OBJ
C:\USERS\CHRIS\DESKTOP\GMWWISE\GMWWISE\OUT\PROFILE\GMWBANK.OBJ
C:\Users\Chris\Desktop\GMWwise\GMWwise\out\Profile\AkDefaultIOHookBlocking.obj
C:\Users\Chris\Desktop\GMWwise\GMWwise\out\Profile\AkDefaultLowLevelIODispatcher.obj
C:\Users\Chris\Desktop\GMWwise\GMWwise\out\Profile\AkFileLocationBase.obj
C:\Users\Chris\Desktop\GMWwise\GMWwise\out\Profile\AkFilePackage.obj
C:\Users\Chris\Desktop\GMWwise\GMWwise\out\Profile\AkFilePackageLUT.obj
C:\Users\Chris\Desktop\GMWwise\GMWwise\out\Profile\GMWBank.obj
C:\Users\Chris\Desktop\GMWwise\GMWwise\out\Profile\GMWEngine.obj
C:\Users\Chris\Desktop\GMWwise\GMWwise\out\Profile\GMWListener.obj
C:\Users\Chris\Desktop\GMWwise\GMWwise\out\Profile\GMWStringUtil.obj
C:\Users\Chris\Desktop\GMWwise\GMWwise\out\Profile\cl.command.1.tlog
C:\Users\Chris\Desktop\GMWwise\GMWwise\out\Profile\CL.read.1.tlog
C:\Users\Chris\Desktop\GMWwise\GMWwise\out\Profile\CL.write.1.tlog
C:\Users\Chris\Desktop\GMWwise\GMWwise\out\Profile\vc110.pdb
