C:\USERS\CHRIS\DESKTOP\GMWWISE\SOURCE\GMWWISE\OUT\PROFILE\AKFILEPACKAGELUT.OBJ
C:\USERS\CHRIS\DESKTOP\GMWWISE\SOURCE\GMWWISE\OUT\PROFILE\AKFILEPACKAGE.OBJ
C:\USERS\CHRIS\DESKTOP\GMWWISE\SOURCE\GMWWISE\OUT\PROFILE\AKFILELOCATIONBASE.OBJ
C:\USERS\CHRIS\DESKTOP\GMWWISE\SOURCE\GMWWISE\OUT\PROFILE\AKDEFAULTLOWLEVELIODISPATCHER.OBJ
C:\USERS\CHRIS\DESKTOP\GMWWISE\SOURCE\GMWWISE\OUT\PROFILE\AKDEFAULTIOHOOKBLOCKING.OBJ
C:\USERS\CHRIS\DESKTOP\GMWWISE\SOURCE\GMWWISE\OUT\PROFILE\GMWSTRINGUTIL.OBJ
C:\USERS\CHRIS\DESKTOP\GMWWISE\SOURCE\GMWWISE\OUT\PROFILE\GMWLISTENER.OBJ
C:\USERS\CHRIS\DESKTOP\GMWWISE\SOURCE\GMWWISE\OUT\PROFILE\GMWGAMEOBJECT.OBJ
C:\USERS\CHRIS\DESKTOP\GMWWISE\SOURCE\GMWWISE\OUT\PROFILE\GMWENGINE.OBJ
C:\USERS\CHRIS\DESKTOP\GMWWISE\SOURCE\GMWWISE\OUT\PROFILE\GMWBANK.OBJ
C:\USERS\CHRIS\DESKTOP\GMWWISE\SOURCE\GMWWISE\OUT\PROFILE\VC110.PDB
C:\Users\Chris\Desktop\GMWwise\Source\bin\GMWwise_profile.lib
C:\Users\Chris\Desktop\GMWwise\Source\bin\GMWwise_profile.exp
C:\USERS\CHRIS\DESKTOP\GMWWISE\SOURCE\BIN\GMWWISE_PROFILE.DLL
C:\Users\Chris\Desktop\GMWwise\Source\GMWwise\out\Profile\AkDefaultIOHookBlocking.obj
C:\Users\Chris\Desktop\GMWwise\Source\GMWwise\out\Profile\AkDefaultLowLevelIODispatcher.obj
C:\Users\Chris\Desktop\GMWwise\Source\GMWwise\out\Profile\AkFileLocationBase.obj
C:\Users\Chris\Desktop\GMWwise\Source\GMWwise\out\Profile\AkFilePackage.obj
C:\Users\Chris\Desktop\GMWwise\Source\GMWwise\out\Profile\AkFilePackageLUT.obj
C:\Users\Chris\Desktop\GMWwise\Source\GMWwise\out\Profile\GMWBank.obj
C:\Users\Chris\Desktop\GMWwise\Source\GMWwise\out\Profile\GMWEngine.obj
C:\Users\Chris\Desktop\GMWwise\Source\GMWwise\out\Profile\GMWGameObject.obj
C:\Users\Chris\Desktop\GMWwise\Source\GMWwise\out\Profile\GMWListener.obj
C:\Users\Chris\Desktop\GMWwise\Source\GMWwise\out\Profile\GMWStringUtil.obj
C:\Users\Chris\Desktop\GMWwise\Source\GMWwise\out\Profile\cl.command.1.tlog
C:\Users\Chris\Desktop\GMWwise\Source\GMWwise\out\Profile\CL.read.1.tlog
C:\Users\Chris\Desktop\GMWwise\Source\GMWwise\out\Profile\CL.write.1.tlog
C:\Users\Chris\Desktop\GMWwise\Source\GMWwise\out\Profile\GMWwise.write.1.tlog
C:\Users\Chris\Desktop\GMWwise\Source\GMWwise\out\Profile\link-cvtres.read.1.tlog
C:\Users\Chris\Desktop\GMWwise\Source\GMWwise\out\Profile\link-cvtres.write.1.tlog
C:\Users\Chris\Desktop\GMWwise\Source\GMWwise\out\Profile\link-rc.read.1.tlog
C:\Users\Chris\Desktop\GMWwise\Source\GMWwise\out\Profile\link-rc.write.1.tlog
C:\Users\Chris\Desktop\GMWwise\Source\GMWwise\out\Profile\link.command.1.tlog
C:\Users\Chris\Desktop\GMWwise\Source\GMWwise\out\Profile\link.read.1.tlog
C:\Users\Chris\Desktop\GMWwise\Source\GMWwise\out\Profile\link.write.1.tlog
C:\Users\Chris\Desktop\GMWwise\Source\GMWwise\out\Profile\vc110.pdb
C:\Users\Chris\Desktop\GMWwise\Source\GMWwise\out\Profile\vc140.pdb
C:\Users\Chris\Desktop\GMWwise\Source\bin\GMWwise_profile.dll
