  GMWBank.cpp
  GMWEngine.cpp
  GMWGameObject.cpp
GMWGameObject.cpp(115): warning C4244: 'argument': conversion from 'double' to 'AkReal32', possible loss of data
GMWGameObject.cpp(116): warning C4244: 'argument': conversion from 'double' to 'AkReal32', possible loss of data
  GMWListener.cpp
GMWListener.cpp(15): warning C4244: 'argument': conversion from 'double' to 'AkReal32', possible loss of data
GMWListener.cpp(16): warning C4244: 'argument': conversion from 'double' to 'AkReal32', possible loss of data
  GMWStringUtil.cpp
  AkDefaultIOHookBlocking.cpp
  AkDefaultIOHookDeferred.cpp
  AkDefaultLowLevelIODispatcher.cpp
  AkFileLocationBase.cpp
  AkFilePackage.cpp
  AkFilePackageLUT.cpp
     Creating library C:\Users\Chris\Desktop\GMWwise\Source\bin\GMWwise_profile.lib and object C:\Users\Chris\Desktop\GMWwise\Source\bin\GMWwise_profile.exp
  Generating code
  99 of 651 functions (15.2%) were compiled, the rest were copied from previous compilation.
    0 functions were new in current compilation
    27 functions had inline decision re-evaluated but remain unchanged
  Finished generating code
  GMWwise.vcxproj -> C:\Users\Chris\Desktop\GMWwise\Source\bin\GMWwise_profile.dll
