  GMWBank.cpp
  GMWEngine.cpp
  GMWGameObject.cpp
GMWGameObject.cpp(115): warning C4244: 'argument': conversion from 'double' to 'AkReal32', possible loss of data
GMWGameObject.cpp(116): warning C4244: 'argument': conversion from 'double' to 'AkReal32', possible loss of data
  GMWListener.cpp
GMWListener.cpp(15): warning C4244: 'argument': conversion from 'double' to 'AkReal32', possible loss of data
GMWListener.cpp(16): warning C4244: 'argument': conversion from 'double' to 'AkReal32', possible loss of data
  GMWStringUtil.cpp
  AkDefaultIOHookBlocking.cpp
  AkDefaultIOHookDeferred.cpp
  AkDefaultLowLevelIODispatcher.cpp
  AkFileLocationBase.cpp
  AkFilePackage.cpp
  AkFilePackageLUT.cpp
     Creating library C:\Users\Chris\Desktop\GMWwise\Source\bin\GMWwise.lib and object C:\Users\Chris\Desktop\GMWwise\Source\bin\GMWwise.exp
  Generating code
  156 of 649 functions (24.0%) were compiled, the rest were copied from previous compilation.
    20 functions were new in current compilation
    9 functions had inline decision re-evaluated but remain unchanged
  Finished generating code
  GMWwise.vcxproj -> C:\Users\Chris\Desktop\GMWwise\Source\bin\GMWwise.dll
