C:\USERS\CHRIS\DESKTOP\GMWWISE\GMWWISE\OUT\RELEASE\AKFILEPACKAGELUT.OBJ
C:\USERS\CHRIS\DESKTOP\GMWWISE\GMWWISE\OUT\RELEASE\AKFILEPACKAGE.OBJ
C:\USERS\CHRIS\DESKTOP\GMWWISE\GMWWISE\OUT\RELEASE\AKFILELOCATIONBASE.OBJ
C:\USERS\CHRIS\DESKTOP\GMWWISE\GMWWISE\OUT\RELEASE\AKDEFAULTLOWLEVELIODISPATCHER.OBJ
C:\USERS\CHRIS\DESKTOP\GMWWISE\GMWWISE\OUT\RELEASE\AKDEFAULTIOHOOKBLOCKING.OBJ
C:\USERS\CHRIS\DESKTOP\GMWWISE\GMWWISE\OUT\RELEASE\GMWSTRINGUTIL.OBJ
C:\USERS\CHRIS\DESKTOP\GMWWISE\GMWWISE\OUT\RELEASE\GMWLISTENER.OBJ
C:\USERS\CHRIS\DESKTOP\GMWWISE\GMWWISE\OUT\RELEASE\GMWGAMEOBJECT.OBJ
C:\USERS\CHRIS\DESKTOP\GMWWISE\GMWWISE\OUT\RELEASE\GMWENGINE.OBJ
C:\USERS\CHRIS\DESKTOP\GMWWISE\GMWWISE\OUT\RELEASE\GMWBANK.OBJ
C:\USERS\CHRIS\DESKTOP\GMWWISE\GMWWISE\OUT\RELEASE\VC110.PDB
C:\Users\Chris\Desktop\GMWwise\bin\GMWwise.lib
C:\Users\Chris\Desktop\GMWwise\bin\GMWwise.exp
C:\USERS\CHRIS\DESKTOP\GMWWISE\BIN\GMWWISE.DLL
C:\Users\Chris\Desktop\GMWwise\GMWwise\out\Release\AkDefaultIOHookBlocking.obj
C:\Users\Chris\Desktop\GMWwise\GMWwise\out\Release\AkDefaultLowLevelIODispatcher.obj
C:\Users\Chris\Desktop\GMWwise\GMWwise\out\Release\AkFileLocationBase.obj
C:\Users\Chris\Desktop\GMWwise\GMWwise\out\Release\AkFilePackage.obj
C:\Users\Chris\Desktop\GMWwise\GMWwise\out\Release\AkFilePackageLUT.obj
C:\Users\Chris\Desktop\GMWwise\GMWwise\out\Release\GMWBank.obj
C:\Users\Chris\Desktop\GMWwise\GMWwise\out\Release\GMWEngine.obj
C:\Users\Chris\Desktop\GMWwise\GMWwise\out\Release\GMWGameObject.obj
C:\Users\Chris\Desktop\GMWwise\GMWwise\out\Release\GMWListener.obj
C:\Users\Chris\Desktop\GMWwise\GMWwise\out\Release\GMWStringUtil.obj
C:\Users\Chris\Desktop\GMWwise\GMWwise\out\Release\cl.command.1.tlog
C:\Users\Chris\Desktop\GMWwise\GMWwise\out\Release\CL.read.1.tlog
C:\Users\Chris\Desktop\GMWwise\GMWwise\out\Release\CL.write.1.tlog
C:\Users\Chris\Desktop\GMWwise\GMWwise\out\Release\GMWwise.write.1.tlog
C:\Users\Chris\Desktop\GMWwise\GMWwise\out\Release\link-cvtres.read.1.tlog
C:\Users\Chris\Desktop\GMWwise\GMWwise\out\Release\link-cvtres.write.1.tlog
C:\Users\Chris\Desktop\GMWwise\GMWwise\out\Release\link-rc.read.1.tlog
C:\Users\Chris\Desktop\GMWwise\GMWwise\out\Release\link-rc.write.1.tlog
C:\Users\Chris\Desktop\GMWwise\GMWwise\out\Release\link.command.1.tlog
C:\Users\Chris\Desktop\GMWwise\GMWwise\out\Release\link.read.1.tlog
C:\Users\Chris\Desktop\GMWwise\GMWwise\out\Release\link.write.1.tlog
C:\Users\Chris\Desktop\GMWwise\GMWwise\out\Release\vc110.pdb
C:\Users\Chris\Desktop\GMWwise\bin\GMWwise.dll
