Build started 2015-07-09 6:27:17 PM.
     1>Project "C:\Users\Chris\Desktop\GMWwise\GMWwise\GMWwise.vcxproj" on node 2 (Build target(s)).
     1>ClCompile:
         C:\Program Files (x86)\Microsoft Visual Studio 11.0\VC\bin\CL.exe /c /I./ /I"C:\Program Files (x86)\Audiokinetic\Wwise v2014.1.5 build 5282\SDK\include" /Zi /nologo /W3 /WX- /O2 /Oi /Oy- /GL /D WIN32 /D NDEBUG /D _WINDOWS /D _USRDLL /D GMWWISE_EXPORTS /D AK_OPTIMIZED /D AKSOUNDENGINE_STATIC /D _CRT_SECURE_NO_WARNINGS /D _WINDLL /D _MBCS /Gm- /EHsc /MD /GS /Gy /fp:precise /Zc:wchar_t /Zc:forScope /Fo"out/Release\\" /Fd"out/Release\vc110.pdb" /Gd /TP /analyze- /errorReport:prompt GMWBank.cpp GMWEngine.cpp GMWGameObject.cpp GMWListener.cpp GMWStringUtil.cpp wwise\AkDefaultIOHookBlocking.cpp wwise\AkDefaultLowLevelIODispatcher.cpp wwise\AkFileLocationBase.cpp wwise\AkFilePackage.cpp wwise\AkFilePackageLUT.cpp
         GMWBank.cpp
         GMWEngine.cpp
         GMWGameObject.cpp
         GMWListener.cpp
         GMWStringUtil.cpp
         AkDefaultIOHookBlocking.cpp
         AkDefaultLowLevelIODispatcher.cpp
         AkFileLocationBase.cpp
         AkFilePackage.cpp
         AkFilePackageLUT.cpp
       Link:
         C:\Program Files (x86)\Microsoft Visual Studio 11.0\VC\bin\link.exe /ERRORREPORT:PROMPT /OUT:"C:\Users\Chris\Desktop\GMWwise\bin\GMWwise.dll" /INCREMENTAL:NO /NOLOGO /LIBPATH:"C:\Program Files (x86)\Audiokinetic\Wwise v2014.1.5 build 5282\SDK\Win32_vc110\Release\lib" AkSoundEngine.lib AkMusicEngine.lib AkStreamMgr.lib AkMemoryMgr.lib Iphlpapi.lib ws2_32.lib dsound.lib dxguid.lib AkAudioInputSource.lib AkCompressorFX.lib AkConvolutionReverbFX.lib AkDelayFX.lib AkExpanderFX.lib AkFlangerFX.lib AkGuitarDistortionFX.lib AkMatrixReverbFX.lib AkMeterFX.lib AkMotionGenerator.lib AkParametricEQFX.lib AkPeakLimiterFX.lib AkRoomVerbFX.lib AkRumble.lib AkSilenceSource.lib AkSineSource.lib AkSoundSeedImpactFX.lib AkSoundSeedWind.lib AkSoundSeedWoosh.lib AkToneSource.lib AkTremoloFX.lib AkVorbisDecoder.lib AkPitchShifterFX.lib Winmm.lib kernel32.lib user32.lib gdi32.lib winspool.lib comdlg32.lib advapi32.lib shell32.lib ole32.lib oleaut32.lib uuid.lib odbc32.lib odbccp32.lib /MANIFEST /MANIFESTUAC:"level='asInvoker' uiAccess='false'" /manifest:embed /PDB:"C:\Users\Chris\Desktop\GMWwise\bin\GMWwise.pdb" /SUBSYSTEM:WINDOWS /OPT:REF /OPT:ICF /LTCG /TLBID:1 /DYNAMICBASE:NO /IMPLIB:"C:\Users\Chris\Desktop\GMWwise\bin\GMWwise.lib" /MACHINE:X86 /SAFESEH /DLL out/Release\GMWBank.obj
         out/Release\GMWEngine.obj
         out/Release\GMWGameObject.obj
         out/Release\GMWListener.obj
         out/Release\GMWStringUtil.obj
         out/Release\AkDefaultIOHookBlocking.obj
         out/Release\AkDefaultLowLevelIODispatcher.obj
         out/Release\AkFileLocationBase.obj
         out/Release\AkFilePackage.obj
         out/Release\AkFilePackageLUT.obj
            Creating library C:\Users\Chris\Desktop\GMWwise\bin\GMWwise.lib and object C:\Users\Chris\Desktop\GMWwise\bin\GMWwise.exp
         Generating code
         Finished generating code
         GMWwise.vcxproj -> C:\Users\Chris\Desktop\GMWwise\bin\GMWwise.dll
     1>Done Building Project "C:\Users\Chris\Desktop\GMWwise\GMWwise\GMWwise.vcxproj" (Build target(s)).

Build succeeded.

Time Elapsed 00:00:06.13
